PRT1
40
104
4 0 17 (64 0 192 ) (0 0 192 ) (0 0 64 ) (64 0 64 ) 
4 0 16 (128 0 192 ) (64 0 192 ) (64 0 64 ) (128 0 64 ) 
4 0 13 (192 0 192 ) (128 0 192 ) (128 0 64 ) (192 0 64 ) 
4 0 12 (320 0 192 ) (192 0 192 ) (192 0 64 ) (320 0 64 ) 
4 0 11 (384 0 192 ) (320 0 192 ) (320 0 64 ) (384 0 64 ) 
4 0 7 (960 0 64 ) (960 0 192 ) (704 0 192 ) (704 0 64 ) 
4 0 10 (704 0 192 ) (384 0 192 ) (384 0 64 ) (704 0 64 ) 
4 0 6 (960 0 192 ) (960 0 832 ) (0 0 832 ) (0 0 192 ) 
4 0 3 (0 0 64 ) (0 0 832 ) (0 64 832 ) (0 64 64 ) 
4 0 2 (0 192 128 ) (0 192 64 ) (0 64 64 ) (0 64 128 ) 
4 0 1 (0 64 832 ) (0 192 832 ) (0 192 128 ) (0 64 128 ) 
4 1 5 (-448 64 832 ) (-448 64 128 ) (-320 64 128 ) (-320 64 832 ) 
4 1 4 (-128 64 320 ) (-128 64 832 ) (-320 64 832 ) (-320 64 320 ) 
4 1 3 (-128 64 128 ) (0 64 128 ) (0 64 832 ) (-128 64 832 ) 
4 1 2 (0 64 128 ) (-320 64 128 ) (-320 192 128 ) (0 192 128 ) 
4 2 3 (-128 64 64 ) (0 64 64 ) (0 64 128 ) (-128 64 128 ) 
4 3 20 (0 0 64 ) (0 0 320 ) (-128 0 320 ) (-128 0 64 ) 
4 3 19 (0 0 320 ) (0 0 832 ) (-128 0 832 ) (-128 0 320 ) 
4 3 4 (-128 0 832 ) (-128 64 832 ) (-128 64 320 ) (-128 0 320 ) 
4 4 19 (-128 0 832 ) (-320 0 832 ) (-320 0 320 ) (-128 0 320 ) 
4 4 5 (-320 64 832 ) (-320 64 320 ) (-320 0 320 ) (-320 0 832 ) 
4 5 26 (-448 0 320 ) (-448 0 128 ) (-320 0 128 ) (-320 0 320 ) 
4 5 25 (-448 0 832 ) (-448 0 320 ) (-320 0 320 ) (-320 0 832 ) 
4 6 33 (64 -1024 832 ) (0 -1024 832 ) (0 -1024 192 ) (64 -1024 192 ) 
4 6 31 (384 -1024 832 ) (64 -1024 832 ) (64 -1024 192 ) (384 -1024 192 ) 
4 6 30 (960 -1024 832 ) (384 -1024 832 ) (384 -1024 192 ) (960 -1024 192 ) 
4 6 22 (0 -768 192 ) (0 -1024 192 ) (0 -1024 320 ) (0 -768 320 ) 
4 6 21 (0 -640 192 ) (0 -768 192 ) (0 -768 320 ) (0 -640 320 ) 
4 6 20 (0 0 320 ) (0 0 192 ) (0 -640 192 ) (0 -640 320 ) 
4 6 19 (0 0 832 ) (0 0 320 ) (0 -1024 320 ) (0 -1024 832 ) 
4 6 17 (0 -640 192 ) (0 0 192 ) (64 0 192 ) (64 -640 192 ) 
4 6 18 (0 -1024 192 ) (0 -768 192 ) (64 -768 192 ) (64 -1024 192 ) 
4 6 16 (64 0 192 ) (128 0 192 ) (128 -1024 192 ) (64 -1024 192 ) 
4 6 15 (320 -640 192 ) (320 -1024 192 ) (128 -1024 192 ) (128 -640 192 ) 
4 6 13 (128 0 192 ) (192 0 192 ) (192 -128 192 ) (128 -128 192 ) 
4 6 14 (192 -512 192 ) (192 -608 192 ) (128 -608 192 ) (128 -512 192 ) 
4 6 12 (192 0 192 ) (320 0 192 ) (320 -608 192 ) (192 -608 192 ) 
4 6 11 (320 0 192 ) (384 0 192 ) (384 -448 192 ) (320 -448 192 ) 
4 6 8 (960 -256 192 ) (960 -1024 192 ) (704 -1024 192 ) (704 -256 192 ) 
4 6 7 (704 0 192 ) (960 0 192 ) (960 -256 192 ) (704 -256 192 ) 
4 6 10 (384 0 192 ) (704 0 192 ) (704 -1024 192 ) (384 -1024 192 ) 
4 7 8 (704 -256 192 ) (704 -256 128 ) (960 -256 128 ) (960 -256 192 ) 
4 7 10 (704 0 64 ) (704 -256 64 ) (704 -256 192 ) (704 0 192 ) 
4 8 30 (960 -1024 192 ) (704 -1024 192 ) (704 -1024 128 ) (960 -1024 128 ) 
4 8 9 (704 -1024 128 ) (704 -832 128 ) (960 -832 128 ) (960 -1024 128 ) 
4 8 10 (704 -1024 128 ) (704 -1024 192 ) (704 -256 192 ) (704 -256 128 ) 
4 9 30 (704 -1024 128 ) (704 -1024 64 ) (960 -1024 64 ) (960 -1024 128 ) 
4 9 10 (704 -960 64 ) (704 -1024 64 ) (704 -1024 128 ) (704 -832 128 ) 
4 10 30 (704 -1024 192 ) (384 -1024 192 ) (384 -1024 64 ) (704 -1024 64 ) 
4 10 11 (384 0 64 ) (384 -448 64 ) (384 -448 192 ) (384 0 192 ) 
4 11 12 (320 0 64 ) (320 -448 64 ) (320 -448 192 ) (320 0 192 ) 
4 12 13 (192 0 64 ) (192 -128 64 ) (192 -128 192 ) (192 0 192 ) 
4 12 14 (192 -512 64 ) (192 -608 64 ) (192 -608 192 ) (192 -512 192 ) 
4 13 16 (128 0 64 ) (128 -128 64 ) (128 -128 192 ) (128 0 192 ) 
4 14 16 (128 -512 64 ) (128 -608 64 ) (128 -608 192 ) (128 -512 192 ) 
4 15 16 (128 -640 64 ) (128 -1024 64 ) (128 -1024 192 ) (128 -640 192 ) 
4 16 17 (64 0 64 ) (64 -640 64 ) (64 -640 192 ) (64 0 192 ) 
4 16 18 (64 -768 64 ) (64 -1024 64 ) (64 -1024 192 ) (64 -768 192 ) 
4 17 20 (0 0 192 ) (0 0 64 ) (0 -640 64 ) (0 -640 192 ) 
4 18 34 (64 -1024 192 ) (0 -1024 192 ) (0 -1024 64 ) (64 -1024 64 ) 
4 18 22 (0 -768 64 ) (0 -1024 64 ) (0 -1024 192 ) (0 -768 192 ) 
4 19 36 (0 -1024 320 ) (0 -1024 832 ) (-320 -1024 832 ) (-320 -1024 320 ) 
4 19 25 (-320 -1024 320 ) (-320 -1024 832 ) (-320 0 832 ) (-320 0 320 ) 
4 19 24 (-320 -928 320 ) (-320 -320 320 ) (-128 -320 320 ) (-128 -928 320 ) 
4 19 23 (-128 -928 320 ) (-128 -768 320 ) (-64 -768 320 ) (-64 -928 320 ) 
4 19 22 (0 -1024 320 ) (-64 -1024 320 ) (-64 -768 320 ) (0 -768 320 ) 
4 19 21 (-128 -768 320 ) (-128 -640 320 ) (0 -640 320 ) (0 -768 320 ) 
4 19 20 (-128 -640 320 ) (-128 0 320 ) (0 0 320 ) (0 -640 320 ) 
4 20 24 (-128 -320 64 ) (-128 -640 64 ) (-128 -640 320 ) (-128 -320 320 ) 
4 20 21 (-128 -640 320 ) (-128 -640 192 ) (0 -640 192 ) (0 -640 320 ) 
4 21 24 (-128 -768 192 ) (-128 -768 320 ) (-128 -640 320 ) (-128 -640 192 ) 
4 21 23 (-128 -768 320 ) (-128 -768 192 ) (-64 -768 192 ) (-64 -768 320 ) 
4 21 22 (-64 -768 192 ) (0 -768 192 ) (0 -768 320 ) (-64 -768 320 ) 
4 22 38 (0 -1024 64 ) (0 -1024 192 ) (-64 -1024 192 ) (-64 -1024 64 ) 
4 22 37 (0 -1024 192 ) (0 -1024 320 ) (-64 -1024 320 ) (-64 -1024 192 ) 
4 22 23 (-64 -768 320 ) (-64 -768 64 ) (-64 -928 64 ) (-64 -928 320 ) 
4 23 24 (-128 -768 64 ) (-128 -928 64 ) (-128 -928 320 ) (-128 -768 320 ) 
4 24 27 (-320 -512 160 ) (-320 -512 320 ) (-320 -320 320 ) (-320 -320 160 ) 
4 24 29 (-320 -512 64 ) (-320 -768 64 ) (-320 -768 320 ) (-320 -512 320 ) 
4 25 36 (-448 -1024 832 ) (-448 -1024 320 ) (-320 -1024 320 ) (-320 -1024 832 ) 
4 25 27 (-448 -512 320 ) (-448 -128 320 ) (-320 -128 320 ) (-320 -512 320 ) 
4 25 29 (-448 -768 320 ) (-448 -512 320 ) (-320 -512 320 ) (-320 -768 320 ) 
4 25 26 (-448 -128 320 ) (-448 0 320 ) (-320 0 320 ) (-320 -128 320 ) 
4 26 28 (-324 -128 160 ) (-448 -128 160 ) (-448 -128 128 ) (-324 -128 128 ) 
4 26 27 (-320 -128 160 ) (-320 -128 320 ) (-448 -128 320 ) (-448 -128 160 ) 
4 27 28 (-324 -512 160 ) (-448 -512 160 ) (-448 -128 160 ) (-324 -128 160 ) 
4 27 29 (-320 -512 160 ) (-320 -512 320 ) (-448 -512 320 ) (-448 -512 160 ) 
4 28 29 (-324 -512 160 ) (-448 -512 160 ) (-448 -512 64 ) (-324 -512 64 ) 
4 30 31 (384 -1280 192 ) (384 -1280 832 ) (384 -1024 832 ) (384 -1024 192 ) 
4 30 32 (384 -1280 64 ) (384 -1472 64 ) (384 -1472 832 ) (384 -1280 832 ) 
4 31 33 (64 -1280 192 ) (64 -1280 832 ) (64 -1024 832 ) (64 -1024 192 ) 
4 31 32 (64 -1280 832 ) (64 -1280 192 ) (384 -1280 192 ) (384 -1280 832 ) 
4 32 35 (64 -1280 64 ) (64 -1472 64 ) (64 -1472 832 ) (64 -1280 832 ) 
4 33 37 (0 -1024 320 ) (0 -1024 192 ) (0 -1280 192 ) (0 -1280 320 ) 
4 33 36 (0 -1024 832 ) (0 -1024 320 ) (0 -1280 320 ) (0 -1280 832 ) 
4 33 34 (0 -1194.666626 192 ) (0 -1024 192 ) (64 -1024 192 ) (64 -1152 192 ) 
4 33 35 (64 -1280 192 ) (64 -1280 832 ) (0 -1280 832 ) (0 -1280 192 ) 
4 34 38 (0 -1024 192 ) (0 -1024 64 ) (0 -1194.666626 64 ) (0 -1194.666626 192 ) 
4 35 39 (0 -1280 64 ) (0 -1472 64 ) (0 -1472 832 ) (0 -1280 832 ) 
4 36 37 (0 -1280 320 ) (-448 -1280 320 ) (-64 -1024 320 ) (0 -1024 320 ) 
4 36 39 (-448 -1280 832 ) (-448 -1280 320 ) (0 -1280 320 ) (0 -1280 832 ) 
6 37 38 (-128 -1280 192 ) (-448 -1280 192 ) (-448 -1279.997437 192 ) (-64.003815 -1024 192 ) (0 -1024 192 ) (0 -1194.666626 192 ) 
4 37 39 (-448 -1280 320 ) (-448 -1280 192 ) (0 -1280 192 ) (0 -1280 320 ) 
4 38 39 (-448 -1280 192 ) (-448 -1280 64 ) (-128 -1280 64 ) (-128 -1280 192 ) 
